<?xml version="1.0" encoding="UTF-8"?>
<testsuite xmlns:xsi="http://www.w3.org/2001/XMLSchema-instance" xsi:noNamespaceSchemaLocation="https://maven.apache.org/surefire/maven-surefire-plugin/xsd/surefire-test-report.xsd" version="3.0.2" name="in.gov.kerala.ehealth.token.TokenApplicationTests" time="19.36" tests="1" errors="0" skipped="0" failures="0">
  <properties>
    <property name="java.specification.version" value="21"/>
    <property name="sun.cpu.isalist" value="amd64"/>
    <property name="sun.jnu.encoding" value="Cp1252"/>
    <property name="java.class.path" value="D:\Nidheesh\Owncloud\Repository\token\target\test-classes;D:\Nidheesh\Owncloud\Repository\token\target\classes;C:\Users\gvnid\.m2\repository\org\springframework\boot\spring-boot-starter\3.5.3\spring-boot-starter-3.5.3.jar;C:\Users\gvnid\.m2\repository\org\springframework\boot\spring-boot\3.5.3\spring-boot-3.5.3.jar;C:\Users\gvnid\.m2\repository\org\springframework\spring-context\6.2.8\spring-context-6.2.8.jar;C:\Users\gvnid\.m2\repository\org\springframework\boot\spring-boot-autoconfigure\3.5.3\spring-boot-autoconfigure-3.5.3.jar;C:\Users\gvnid\.m2\repository\org\springframework\boot\spring-boot-starter-logging\3.5.3\spring-boot-starter-logging-3.5.3.jar;C:\Users\gvnid\.m2\repository\ch\qos\logback\logback-classic\1.5.18\logback-classic-1.5.18.jar;C:\Users\gvnid\.m2\repository\ch\qos\logback\logback-core\1.5.18\logback-core-1.5.18.jar;C:\Users\gvnid\.m2\repository\org\apache\logging\log4j\log4j-to-slf4j\2.24.3\log4j-to-slf4j-2.24.3.jar;C:\Users\gvnid\.m2\repository\org\apache\logging\log4j\log4j-api\2.24.3\log4j-api-2.24.3.jar;C:\Users\gvnid\.m2\repository\org\slf4j\jul-to-slf4j\2.0.17\jul-to-slf4j-2.0.17.jar;C:\Users\gvnid\.m2\repository\jakarta\annotation\jakarta.annotation-api\2.1.1\jakarta.annotation-api-2.1.1.jar;C:\Users\gvnid\.m2\repository\org\springframework\spring-core\6.2.8\spring-core-6.2.8.jar;C:\Users\gvnid\.m2\repository\org\springframework\spring-jcl\6.2.8\spring-jcl-6.2.8.jar;C:\Users\gvnid\.m2\repository\org\yaml\snakeyaml\2.4\snakeyaml-2.4.jar;C:\Users\gvnid\.m2\repository\org\springframework\boot\spring-boot-starter-web\3.5.3\spring-boot-starter-web-3.5.3.jar;C:\Users\gvnid\.m2\repository\org\springframework\boot\spring-boot-starter-json\3.5.3\spring-boot-starter-json-3.5.3.jar;C:\Users\gvnid\.m2\repository\com\fasterxml\jackson\core\jackson-databind\2.19.1\jackson-databind-2.19.1.jar;C:\Users\gvnid\.m2\repository\com\fasterxml\jackson\core\jackson-annotations\2.19.1\jackson-annotations-2.19.1.jar;C:\Users\gvnid\.m2\repository\com\fasterxml\jackson\core\jackson-core\2.19.1\jackson-core-2.19.1.jar;C:\Users\gvnid\.m2\repository\com\fasterxml\jackson\datatype\jackson-datatype-jdk8\2.19.1\jackson-datatype-jdk8-2.19.1.jar;C:\Users\gvnid\.m2\repository\com\fasterxml\jackson\datatype\jackson-datatype-jsr310\2.19.1\jackson-datatype-jsr310-2.19.1.jar;C:\Users\gvnid\.m2\repository\com\fasterxml\jackson\module\jackson-module-parameter-names\2.19.1\jackson-module-parameter-names-2.19.1.jar;C:\Users\gvnid\.m2\repository\org\springframework\boot\spring-boot-starter-tomcat\3.5.3\spring-boot-starter-tomcat-3.5.3.jar;C:\Users\gvnid\.m2\repository\org\apache\tomcat\embed\tomcat-embed-core\10.1.42\tomcat-embed-core-10.1.42.jar;C:\Users\gvnid\.m2\repository\org\apache\tomcat\embed\tomcat-embed-el\10.1.42\tomcat-embed-el-10.1.42.jar;C:\Users\gvnid\.m2\repository\org\apache\tomcat\embed\tomcat-embed-websocket\10.1.42\tomcat-embed-websocket-10.1.42.jar;C:\Users\gvnid\.m2\repository\org\springframework\spring-web\6.2.8\spring-web-6.2.8.jar;C:\Users\gvnid\.m2\repository\org\springframework\spring-beans\6.2.8\spring-beans-6.2.8.jar;C:\Users\gvnid\.m2\repository\org\springframework\spring-webmvc\6.2.8\spring-webmvc-6.2.8.jar;C:\Users\gvnid\.m2\repository\org\springframework\spring-aop\6.2.8\spring-aop-6.2.8.jar;C:\Users\gvnid\.m2\repository\org\springframework\spring-expression\6.2.8\spring-expression-6.2.8.jar;C:\Users\gvnid\.m2\repository\org\springframework\boot\spring-boot-starter-data-jpa\3.5.3\spring-boot-starter-data-jpa-3.5.3.jar;C:\Users\gvnid\.m2\repository\org\springframework\boot\spring-boot-starter-jdbc\3.5.3\spring-boot-starter-jdbc-3.5.3.jar;C:\Users\gvnid\.m2\repository\com\zaxxer\HikariCP\6.3.0\HikariCP-6.3.0.jar;C:\Users\gvnid\.m2\repository\org\springframework\spring-jdbc\6.2.8\spring-jdbc-6.2.8.jar;C:\Users\gvnid\.m2\repository\org\hibernate\orm\hibernate-core\6.6.18.Final\hibernate-core-6.6.18.Final.jar;C:\Users\gvnid\.m2\repository\jakarta\persistence\jakarta.persistence-api\3.1.0\jakarta.persistence-api-3.1.0.jar;C:\Users\gvnid\.m2\repository\jakarta\transaction\jakarta.transaction-api\2.0.1\jakarta.transaction-api-2.0.1.jar;C:\Users\gvnid\.m2\repository\org\jboss\logging\jboss-logging\3.6.1.Final\jboss-logging-3.6.1.Final.jar;C:\Users\gvnid\.m2\repository\org\hibernate\common\hibernate-commons-annotations\7.0.3.Final\hibernate-commons-annotations-7.0.3.Final.jar;C:\Users\gvnid\.m2\repository\io\smallrye\jandex\3.2.0\jandex-3.2.0.jar;C:\Users\gvnid\.m2\repository\com\fasterxml\classmate\1.7.0\classmate-1.7.0.jar;C:\Users\gvnid\.m2\repository\net\bytebuddy\byte-buddy\1.17.6\byte-buddy-1.17.6.jar;C:\Users\gvnid\.m2\repository\org\glassfish\jaxb\jaxb-runtime\4.0.5\jaxb-runtime-4.0.5.jar;C:\Users\gvnid\.m2\repository\org\glassfish\jaxb\jaxb-core\4.0.5\jaxb-core-4.0.5.jar;C:\Users\gvnid\.m2\repository\org\eclipse\angus\angus-activation\2.0.2\angus-activation-2.0.2.jar;C:\Users\gvnid\.m2\repository\org\glassfish\jaxb\txw2\4.0.5\txw2-4.0.5.jar;C:\Users\gvnid\.m2\repository\com\sun\istack\istack-commons-runtime\4.1.2\istack-commons-runtime-4.1.2.jar;C:\Users\gvnid\.m2\repository\jakarta\inject\jakarta.inject-api\2.0.1\jakarta.inject-api-2.0.1.jar;C:\Users\gvnid\.m2\repository\org\antlr\antlr4-runtime\4.13.0\antlr4-runtime-4.13.0.jar;C:\Users\gvnid\.m2\repository\org\springframework\data\spring-data-jpa\3.5.1\spring-data-jpa-3.5.1.jar;C:\Users\gvnid\.m2\repository\org\springframework\data\spring-data-commons\3.5.1\spring-data-commons-3.5.1.jar;C:\Users\gvnid\.m2\repository\org\springframework\spring-orm\6.2.8\spring-orm-6.2.8.jar;C:\Users\gvnid\.m2\repository\org\springframework\spring-tx\6.2.8\spring-tx-6.2.8.jar;C:\Users\gvnid\.m2\repository\org\slf4j\slf4j-api\2.0.17\slf4j-api-2.0.17.jar;C:\Users\gvnid\.m2\repository\org\springframework\spring-aspects\6.2.8\spring-aspects-6.2.8.jar;C:\Users\gvnid\.m2\repository\org\aspectj\aspectjweaver\1.9.24\aspectjweaver-1.9.24.jar;C:\Users\gvnid\.m2\repository\org\postgresql\postgresql\42.7.7\postgresql-42.7.7.jar;C:\Users\gvnid\.m2\repository\org\checkerframework\checker-qual\3.49.3\checker-qual-3.49.3.jar;C:\Users\gvnid\.m2\repository\org\springframework\boot\spring-boot-starter-thymeleaf\3.5.3\spring-boot-starter-thymeleaf-3.5.3.jar;C:\Users\gvnid\.m2\repository\org\thymeleaf\thymeleaf-spring6\3.1.3.RELEASE\thymeleaf-spring6-3.1.3.RELEASE.jar;C:\Users\gvnid\.m2\repository\org\thymeleaf\thymeleaf\3.1.3.RELEASE\thymeleaf-3.1.3.RELEASE.jar;C:\Users\gvnid\.m2\repository\org\attoparser\attoparser\2.0.7.RELEASE\attoparser-2.0.7.RELEASE.jar;C:\Users\gvnid\.m2\repository\org\unbescape\unbescape\1.1.6.RELEASE\unbescape-1.1.6.RELEASE.jar;C:\Users\gvnid\.m2\repository\org\springframework\boot\spring-boot-starter-cache\3.5.3\spring-boot-starter-cache-3.5.3.jar;C:\Users\gvnid\.m2\repository\org\springframework\spring-context-support\6.2.8\spring-context-support-6.2.8.jar;C:\Users\gvnid\.m2\repository\com\github\ben-manes\caffeine\caffeine\3.2.1\caffeine-3.2.1.jar;C:\Users\gvnid\.m2\repository\org\jspecify\jspecify\1.0.0\jspecify-1.0.0.jar;C:\Users\gvnid\.m2\repository\com\google\errorprone\error_prone_annotations\2.38.0\error_prone_annotations-2.38.0.jar;C:\Users\gvnid\.m2\repository\org\springframework\boot\spring-boot-starter-actuator\3.5.3\spring-boot-starter-actuator-3.5.3.jar;C:\Users\gvnid\.m2\repository\org\springframework\boot\spring-boot-actuator-autoconfigure\3.5.3\spring-boot-actuator-autoconfigure-3.5.3.jar;C:\Users\gvnid\.m2\repository\org\springframework\boot\spring-boot-actuator\3.5.3\spring-boot-actuator-3.5.3.jar;C:\Users\gvnid\.m2\repository\io\micrometer\micrometer-observation\1.15.1\micrometer-observation-1.15.1.jar;C:\Users\gvnid\.m2\repository\io\micrometer\micrometer-commons\1.15.1\micrometer-commons-1.15.1.jar;C:\Users\gvnid\.m2\repository\io\micrometer\micrometer-jakarta9\1.15.1\micrometer-jakarta9-1.15.1.jar;C:\Users\gvnid\.m2\repository\io\micrometer\micrometer-core\1.15.1\micrometer-core-1.15.1.jar;C:\Users\gvnid\.m2\repository\org\hdrhistogram\HdrHistogram\2.2.2\HdrHistogram-2.2.2.jar;C:\Users\gvnid\.m2\repository\org\latencyutils\LatencyUtils\2.0.3\LatencyUtils-2.0.3.jar;C:\Users\gvnid\.m2\repository\org\springframework\boot\spring-boot-starter-test\3.5.3\spring-boot-starter-test-3.5.3.jar;C:\Users\gvnid\.m2\repository\org\springframework\boot\spring-boot-test\3.5.3\spring-boot-test-3.5.3.jar;C:\Users\gvnid\.m2\repository\org\springframework\boot\spring-boot-test-autoconfigure\3.5.3\spring-boot-test-autoconfigure-3.5.3.jar;C:\Users\gvnid\.m2\repository\com\jayway\jsonpath\json-path\2.9.0\json-path-2.9.0.jar;C:\Users\gvnid\.m2\repository\jakarta\xml\bind\jakarta.xml.bind-api\4.0.2\jakarta.xml.bind-api-4.0.2.jar;C:\Users\gvnid\.m2\repository\jakarta\activation\jakarta.activation-api\2.1.3\jakarta.activation-api-2.1.3.jar;C:\Users\gvnid\.m2\repository\net\minidev\json-smart\2.5.2\json-smart-2.5.2.jar;C:\Users\gvnid\.m2\repository\net\minidev\accessors-smart\2.5.2\accessors-smart-2.5.2.jar;C:\Users\gvnid\.m2\repository\org\ow2\asm\asm\9.7.1\asm-9.7.1.jar;C:\Users\gvnid\.m2\repository\org\assertj\assertj-core\3.27.3\assertj-core-3.27.3.jar;C:\Users\gvnid\.m2\repository\org\awaitility\awaitility\4.2.2\awaitility-4.2.2.jar;C:\Users\gvnid\.m2\repository\org\hamcrest\hamcrest\3.0\hamcrest-3.0.jar;C:\Users\gvnid\.m2\repository\org\junit\jupiter\junit-jupiter\5.12.2\junit-jupiter-5.12.2.jar;C:\Users\gvnid\.m2\repository\org\junit\jupiter\junit-jupiter-api\5.12.2\junit-jupiter-api-5.12.2.jar;C:\Users\gvnid\.m2\repository\org\opentest4j\opentest4j\1.3.0\opentest4j-1.3.0.jar;C:\Users\gvnid\.m2\repository\org\junit\platform\junit-platform-commons\1.12.2\junit-platform-commons-1.12.2.jar;C:\Users\gvnid\.m2\repository\org\apiguardian\apiguardian-api\1.1.2\apiguardian-api-1.1.2.jar;C:\Users\gvnid\.m2\repository\org\junit\jupiter\junit-jupiter-params\5.12.2\junit-jupiter-params-5.12.2.jar;C:\Users\gvnid\.m2\repository\org\junit\jupiter\junit-jupiter-engine\5.12.2\junit-jupiter-engine-5.12.2.jar;C:\Users\gvnid\.m2\repository\org\junit\platform\junit-platform-engine\1.12.2\junit-platform-engine-1.12.2.jar;C:\Users\gvnid\.m2\repository\org\mockito\mockito-core\5.17.0\mockito-core-5.17.0.jar;C:\Users\gvnid\.m2\repository\net\bytebuddy\byte-buddy-agent\1.17.6\byte-buddy-agent-1.17.6.jar;C:\Users\gvnid\.m2\repository\org\objenesis\objenesis\3.3\objenesis-3.3.jar;C:\Users\gvnid\.m2\repository\org\mockito\mockito-junit-jupiter\5.17.0\mockito-junit-jupiter-5.17.0.jar;C:\Users\gvnid\.m2\repository\org\skyscreamer\jsonassert\1.5.3\jsonassert-1.5.3.jar;C:\Users\gvnid\.m2\repository\com\vaadin\external\google\android-json\0.0.20131108.vaadin1\android-json-0.0.20131108.vaadin1.jar;C:\Users\gvnid\.m2\repository\org\springframework\spring-test\6.2.8\spring-test-6.2.8.jar;C:\Users\gvnid\.m2\repository\org\xmlunit\xmlunit-core\2.10.2\xmlunit-core-2.10.2.jar;C:\Users\gvnid\.m2\repository\org\springframework\boot\spring-boot-starter-websocket\3.5.3\spring-boot-starter-websocket-3.5.3.jar;C:\Users\gvnid\.m2\repository\org\springframework\spring-messaging\6.2.8\spring-messaging-6.2.8.jar;C:\Users\gvnid\.m2\repository\org\springframework\spring-websocket\6.2.8\spring-websocket-6.2.8.jar;C:\Users\gvnid\.m2\repository\org\webjars\sockjs-client\1.5.1\sockjs-client-1.5.1.jar;C:\Users\gvnid\.m2\repository\org\webjars\stomp-websocket\2.3.4\stomp-websocket-2.3.4.jar;"/>
    <property name="java.vm.vendor" value="Oracle Corporation"/>
    <property name="sun.arch.data.model" value="64"/>
    <property name="user.variant" value=""/>
    <property name="java.vendor.url" value="https://java.oracle.com/"/>
    <property name="user.timezone" value="Asia/Calcutta"/>
    <property name="org.jboss.logging.provider" value="slf4j"/>
    <property name="os.name" value="Windows 11"/>
    <property name="java.vm.specification.version" value="21"/>
    <property name="APPLICATION_NAME" value="token"/>
    <property name="sun.java.launcher" value="SUN_STANDARD"/>
    <property name="user.country" value="IN"/>
    <property name="sun.boot.library.path" value="C:\Program Files\Java\jdk-21\bin"/>
    <property name="sun.java.command" value="C:\Users\gvnid\AppData\Local\Temp\surefire13742516815032904437\surefirebooter-20250704001642246_3.jar C:\Users\gvnid\AppData\Local\Temp\surefire13742516815032904437 2025-07-04T00-16-42_075-jvmRun1 surefire-20250704001642246_1tmp surefire_0-20250704001642246_2tmp"/>
    <property name="jdk.debug" value="release"/>
    <property name="surefire.test.class.path" value="D:\Nidheesh\Owncloud\Repository\token\target\test-classes;D:\Nidheesh\Owncloud\Repository\token\target\classes;C:\Users\gvnid\.m2\repository\org\springframework\boot\spring-boot-starter\3.5.3\spring-boot-starter-3.5.3.jar;C:\Users\gvnid\.m2\repository\org\springframework\boot\spring-boot\3.5.3\spring-boot-3.5.3.jar;C:\Users\gvnid\.m2\repository\org\springframework\spring-context\6.2.8\spring-context-6.2.8.jar;C:\Users\gvnid\.m2\repository\org\springframework\boot\spring-boot-autoconfigure\3.5.3\spring-boot-autoconfigure-3.5.3.jar;C:\Users\gvnid\.m2\repository\org\springframework\boot\spring-boot-starter-logging\3.5.3\spring-boot-starter-logging-3.5.3.jar;C:\Users\gvnid\.m2\repository\ch\qos\logback\logback-classic\1.5.18\logback-classic-1.5.18.jar;C:\Users\gvnid\.m2\repository\ch\qos\logback\logback-core\1.5.18\logback-core-1.5.18.jar;C:\Users\gvnid\.m2\repository\org\apache\logging\log4j\log4j-to-slf4j\2.24.3\log4j-to-slf4j-2.24.3.jar;C:\Users\gvnid\.m2\repository\org\apache\logging\log4j\log4j-api\2.24.3\log4j-api-2.24.3.jar;C:\Users\gvnid\.m2\repository\org\slf4j\jul-to-slf4j\2.0.17\jul-to-slf4j-2.0.17.jar;C:\Users\gvnid\.m2\repository\jakarta\annotation\jakarta.annotation-api\2.1.1\jakarta.annotation-api-2.1.1.jar;C:\Users\gvnid\.m2\repository\org\springframework\spring-core\6.2.8\spring-core-6.2.8.jar;C:\Users\gvnid\.m2\repository\org\springframework\spring-jcl\6.2.8\spring-jcl-6.2.8.jar;C:\Users\gvnid\.m2\repository\org\yaml\snakeyaml\2.4\snakeyaml-2.4.jar;C:\Users\gvnid\.m2\repository\org\springframework\boot\spring-boot-starter-web\3.5.3\spring-boot-starter-web-3.5.3.jar;C:\Users\gvnid\.m2\repository\org\springframework\boot\spring-boot-starter-json\3.5.3\spring-boot-starter-json-3.5.3.jar;C:\Users\gvnid\.m2\repository\com\fasterxml\jackson\core\jackson-databind\2.19.1\jackson-databind-2.19.1.jar;C:\Users\gvnid\.m2\repository\com\fasterxml\jackson\core\jackson-annotations\2.19.1\jackson-annotations-2.19.1.jar;C:\Users\gvnid\.m2\repository\com\fasterxml\jackson\core\jackson-core\2.19.1\jackson-core-2.19.1.jar;C:\Users\gvnid\.m2\repository\com\fasterxml\jackson\datatype\jackson-datatype-jdk8\2.19.1\jackson-datatype-jdk8-2.19.1.jar;C:\Users\gvnid\.m2\repository\com\fasterxml\jackson\datatype\jackson-datatype-jsr310\2.19.1\jackson-datatype-jsr310-2.19.1.jar;C:\Users\gvnid\.m2\repository\com\fasterxml\jackson\module\jackson-module-parameter-names\2.19.1\jackson-module-parameter-names-2.19.1.jar;C:\Users\gvnid\.m2\repository\org\springframework\boot\spring-boot-starter-tomcat\3.5.3\spring-boot-starter-tomcat-3.5.3.jar;C:\Users\gvnid\.m2\repository\org\apache\tomcat\embed\tomcat-embed-core\10.1.42\tomcat-embed-core-10.1.42.jar;C:\Users\gvnid\.m2\repository\org\apache\tomcat\embed\tomcat-embed-el\10.1.42\tomcat-embed-el-10.1.42.jar;C:\Users\gvnid\.m2\repository\org\apache\tomcat\embed\tomcat-embed-websocket\10.1.42\tomcat-embed-websocket-10.1.42.jar;C:\Users\gvnid\.m2\repository\org\springframework\spring-web\6.2.8\spring-web-6.2.8.jar;C:\Users\gvnid\.m2\repository\org\springframework\spring-beans\6.2.8\spring-beans-6.2.8.jar;C:\Users\gvnid\.m2\repository\org\springframework\spring-webmvc\6.2.8\spring-webmvc-6.2.8.jar;C:\Users\gvnid\.m2\repository\org\springframework\spring-aop\6.2.8\spring-aop-6.2.8.jar;C:\Users\gvnid\.m2\repository\org\springframework\spring-expression\6.2.8\spring-expression-6.2.8.jar;C:\Users\gvnid\.m2\repository\org\springframework\boot\spring-boot-starter-data-jpa\3.5.3\spring-boot-starter-data-jpa-3.5.3.jar;C:\Users\gvnid\.m2\repository\org\springframework\boot\spring-boot-starter-jdbc\3.5.3\spring-boot-starter-jdbc-3.5.3.jar;C:\Users\gvnid\.m2\repository\com\zaxxer\HikariCP\6.3.0\HikariCP-6.3.0.jar;C:\Users\gvnid\.m2\repository\org\springframework\spring-jdbc\6.2.8\spring-jdbc-6.2.8.jar;C:\Users\gvnid\.m2\repository\org\hibernate\orm\hibernate-core\6.6.18.Final\hibernate-core-6.6.18.Final.jar;C:\Users\gvnid\.m2\repository\jakarta\persistence\jakarta.persistence-api\3.1.0\jakarta.persistence-api-3.1.0.jar;C:\Users\gvnid\.m2\repository\jakarta\transaction\jakarta.transaction-api\2.0.1\jakarta.transaction-api-2.0.1.jar;C:\Users\gvnid\.m2\repository\org\jboss\logging\jboss-logging\3.6.1.Final\jboss-logging-3.6.1.Final.jar;C:\Users\gvnid\.m2\repository\org\hibernate\common\hibernate-commons-annotations\7.0.3.Final\hibernate-commons-annotations-7.0.3.Final.jar;C:\Users\gvnid\.m2\repository\io\smallrye\jandex\3.2.0\jandex-3.2.0.jar;C:\Users\gvnid\.m2\repository\com\fasterxml\classmate\1.7.0\classmate-1.7.0.jar;C:\Users\gvnid\.m2\repository\net\bytebuddy\byte-buddy\1.17.6\byte-buddy-1.17.6.jar;C:\Users\gvnid\.m2\repository\org\glassfish\jaxb\jaxb-runtime\4.0.5\jaxb-runtime-4.0.5.jar;C:\Users\gvnid\.m2\repository\org\glassfish\jaxb\jaxb-core\4.0.5\jaxb-core-4.0.5.jar;C:\Users\gvnid\.m2\repository\org\eclipse\angus\angus-activation\2.0.2\angus-activation-2.0.2.jar;C:\Users\gvnid\.m2\repository\org\glassfish\jaxb\txw2\4.0.5\txw2-4.0.5.jar;C:\Users\gvnid\.m2\repository\com\sun\istack\istack-commons-runtime\4.1.2\istack-commons-runtime-4.1.2.jar;C:\Users\gvnid\.m2\repository\jakarta\inject\jakarta.inject-api\2.0.1\jakarta.inject-api-2.0.1.jar;C:\Users\gvnid\.m2\repository\org\antlr\antlr4-runtime\4.13.0\antlr4-runtime-4.13.0.jar;C:\Users\gvnid\.m2\repository\org\springframework\data\spring-data-jpa\3.5.1\spring-data-jpa-3.5.1.jar;C:\Users\gvnid\.m2\repository\org\springframework\data\spring-data-commons\3.5.1\spring-data-commons-3.5.1.jar;C:\Users\gvnid\.m2\repository\org\springframework\spring-orm\6.2.8\spring-orm-6.2.8.jar;C:\Users\gvnid\.m2\repository\org\springframework\spring-tx\6.2.8\spring-tx-6.2.8.jar;C:\Users\gvnid\.m2\repository\org\slf4j\slf4j-api\2.0.17\slf4j-api-2.0.17.jar;C:\Users\gvnid\.m2\repository\org\springframework\spring-aspects\6.2.8\spring-aspects-6.2.8.jar;C:\Users\gvnid\.m2\repository\org\aspectj\aspectjweaver\1.9.24\aspectjweaver-1.9.24.jar;C:\Users\gvnid\.m2\repository\org\postgresql\postgresql\42.7.7\postgresql-42.7.7.jar;C:\Users\gvnid\.m2\repository\org\checkerframework\checker-qual\3.49.3\checker-qual-3.49.3.jar;C:\Users\gvnid\.m2\repository\org\springframework\boot\spring-boot-starter-thymeleaf\3.5.3\spring-boot-starter-thymeleaf-3.5.3.jar;C:\Users\gvnid\.m2\repository\org\thymeleaf\thymeleaf-spring6\3.1.3.RELEASE\thymeleaf-spring6-3.1.3.RELEASE.jar;C:\Users\gvnid\.m2\repository\org\thymeleaf\thymeleaf\3.1.3.RELEASE\thymeleaf-3.1.3.RELEASE.jar;C:\Users\gvnid\.m2\repository\org\attoparser\attoparser\2.0.7.RELEASE\attoparser-2.0.7.RELEASE.jar;C:\Users\gvnid\.m2\repository\org\unbescape\unbescape\1.1.6.RELEASE\unbescape-1.1.6.RELEASE.jar;C:\Users\gvnid\.m2\repository\org\springframework\boot\spring-boot-starter-cache\3.5.3\spring-boot-starter-cache-3.5.3.jar;C:\Users\gvnid\.m2\repository\org\springframework\spring-context-support\6.2.8\spring-context-support-6.2.8.jar;C:\Users\gvnid\.m2\repository\com\github\ben-manes\caffeine\caffeine\3.2.1\caffeine-3.2.1.jar;C:\Users\gvnid\.m2\repository\org\jspecify\jspecify\1.0.0\jspecify-1.0.0.jar;C:\Users\gvnid\.m2\repository\com\google\errorprone\error_prone_annotations\2.38.0\error_prone_annotations-2.38.0.jar;C:\Users\gvnid\.m2\repository\org\springframework\boot\spring-boot-starter-actuator\3.5.3\spring-boot-starter-actuator-3.5.3.jar;C:\Users\gvnid\.m2\repository\org\springframework\boot\spring-boot-actuator-autoconfigure\3.5.3\spring-boot-actuator-autoconfigure-3.5.3.jar;C:\Users\gvnid\.m2\repository\org\springframework\boot\spring-boot-actuator\3.5.3\spring-boot-actuator-3.5.3.jar;C:\Users\gvnid\.m2\repository\io\micrometer\micrometer-observation\1.15.1\micrometer-observation-1.15.1.jar;C:\Users\gvnid\.m2\repository\io\micrometer\micrometer-commons\1.15.1\micrometer-commons-1.15.1.jar;C:\Users\gvnid\.m2\repository\io\micrometer\micrometer-jakarta9\1.15.1\micrometer-jakarta9-1.15.1.jar;C:\Users\gvnid\.m2\repository\io\micrometer\micrometer-core\1.15.1\micrometer-core-1.15.1.jar;C:\Users\gvnid\.m2\repository\org\hdrhistogram\HdrHistogram\2.2.2\HdrHistogram-2.2.2.jar;C:\Users\gvnid\.m2\repository\org\latencyutils\LatencyUtils\2.0.3\LatencyUtils-2.0.3.jar;C:\Users\gvnid\.m2\repository\org\springframework\boot\spring-boot-starter-test\3.5.3\spring-boot-starter-test-3.5.3.jar;C:\Users\gvnid\.m2\repository\org\springframework\boot\spring-boot-test\3.5.3\spring-boot-test-3.5.3.jar;C:\Users\gvnid\.m2\repository\org\springframework\boot\spring-boot-test-autoconfigure\3.5.3\spring-boot-test-autoconfigure-3.5.3.jar;C:\Users\gvnid\.m2\repository\com\jayway\jsonpath\json-path\2.9.0\json-path-2.9.0.jar;C:\Users\gvnid\.m2\repository\jakarta\xml\bind\jakarta.xml.bind-api\4.0.2\jakarta.xml.bind-api-4.0.2.jar;C:\Users\gvnid\.m2\repository\jakarta\activation\jakarta.activation-api\2.1.3\jakarta.activation-api-2.1.3.jar;C:\Users\gvnid\.m2\repository\net\minidev\json-smart\2.5.2\json-smart-2.5.2.jar;C:\Users\gvnid\.m2\repository\net\minidev\accessors-smart\2.5.2\accessors-smart-2.5.2.jar;C:\Users\gvnid\.m2\repository\org\ow2\asm\asm\9.7.1\asm-9.7.1.jar;C:\Users\gvnid\.m2\repository\org\assertj\assertj-core\3.27.3\assertj-core-3.27.3.jar;C:\Users\gvnid\.m2\repository\org\awaitility\awaitility\4.2.2\awaitility-4.2.2.jar;C:\Users\gvnid\.m2\repository\org\hamcrest\hamcrest\3.0\hamcrest-3.0.jar;C:\Users\gvnid\.m2\repository\org\junit\jupiter\junit-jupiter\5.12.2\junit-jupiter-5.12.2.jar;C:\Users\gvnid\.m2\repository\org\junit\jupiter\junit-jupiter-api\5.12.2\junit-jupiter-api-5.12.2.jar;C:\Users\gvnid\.m2\repository\org\opentest4j\opentest4j\1.3.0\opentest4j-1.3.0.jar;C:\Users\gvnid\.m2\repository\org\junit\platform\junit-platform-commons\1.12.2\junit-platform-commons-1.12.2.jar;C:\Users\gvnid\.m2\repository\org\apiguardian\apiguardian-api\1.1.2\apiguardian-api-1.1.2.jar;C:\Users\gvnid\.m2\repository\org\junit\jupiter\junit-jupiter-params\5.12.2\junit-jupiter-params-5.12.2.jar;C:\Users\gvnid\.m2\repository\org\junit\jupiter\junit-jupiter-engine\5.12.2\junit-jupiter-engine-5.12.2.jar;C:\Users\gvnid\.m2\repository\org\junit\platform\junit-platform-engine\1.12.2\junit-platform-engine-1.12.2.jar;C:\Users\gvnid\.m2\repository\org\mockito\mockito-core\5.17.0\mockito-core-5.17.0.jar;C:\Users\gvnid\.m2\repository\net\bytebuddy\byte-buddy-agent\1.17.6\byte-buddy-agent-1.17.6.jar;C:\Users\gvnid\.m2\repository\org\objenesis\objenesis\3.3\objenesis-3.3.jar;C:\Users\gvnid\.m2\repository\org\mockito\mockito-junit-jupiter\5.17.0\mockito-junit-jupiter-5.17.0.jar;C:\Users\gvnid\.m2\repository\org\skyscreamer\jsonassert\1.5.3\jsonassert-1.5.3.jar;C:\Users\gvnid\.m2\repository\com\vaadin\external\google\android-json\0.0.20131108.vaadin1\android-json-0.0.20131108.vaadin1.jar;C:\Users\gvnid\.m2\repository\org\springframework\spring-test\6.2.8\spring-test-6.2.8.jar;C:\Users\gvnid\.m2\repository\org\xmlunit\xmlunit-core\2.10.2\xmlunit-core-2.10.2.jar;C:\Users\gvnid\.m2\repository\org\springframework\boot\spring-boot-starter-websocket\3.5.3\spring-boot-starter-websocket-3.5.3.jar;C:\Users\gvnid\.m2\repository\org\springframework\spring-messaging\6.2.8\spring-messaging-6.2.8.jar;C:\Users\gvnid\.m2\repository\org\springframework\spring-websocket\6.2.8\spring-websocket-6.2.8.jar;C:\Users\gvnid\.m2\repository\org\webjars\sockjs-client\1.5.1\sockjs-client-1.5.1.jar;C:\Users\gvnid\.m2\repository\org\webjars\stomp-websocket\2.3.4\stomp-websocket-2.3.4.jar;"/>
    <property name="sun.cpu.endian" value="little"/>
    <property name="user.home" value="C:\Users\gvnid"/>
    <property name="user.language" value="en"/>
    <property name="java.specification.vendor" value="Oracle Corporation"/>
    <property name="java.version.date" value="2024-01-16"/>
    <property name="java.home" value="C:\Program Files\Java\jdk-21"/>
    <property name="file.separator" value="\"/>
    <property name="basedir" value="D:\Nidheesh\Owncloud\Repository\token"/>
    <property name="java.vm.compressedOopsMode" value="Zero based"/>
    <property name="line.separator" value="&#10;"/>
    <property name="java.vm.specification.vendor" value="Oracle Corporation"/>
    <property name="java.specification.name" value="Java Platform API Specification"/>
    <property name="FILE_LOG_CHARSET" value="UTF-8"/>
    <property name="java.awt.headless" value="true"/>
    <property name="surefire.real.class.path" value="C:\Users\gvnid\AppData\Local\Temp\surefire13742516815032904437\surefirebooter-20250704001642246_3.jar"/>
    <property name="user.script" value=""/>
    <property name="sun.management.compiler" value="HotSpot 64-Bit Tiered Compilers"/>
    <property name="java.runtime.version" value="21.0.2+13-LTS-58"/>
    <property name="user.name" value="gvnid"/>
    <property name="stdout.encoding" value="Cp1252"/>
    <property name="path.separator" value=";"/>
    <property name="os.version" value="10.0"/>
    <property name="java.runtime.name" value="Java(TM) SE Runtime Environment"/>
    <property name="file.encoding" value="UTF-8"/>
    <property name="java.vm.name" value="Java HotSpot(TM) 64-Bit Server VM"/>
    <property name="localRepository" value="C:\Users\gvnid\.m2\repository"/>
    <property name="java.vendor.url.bug" value="https://bugreport.java.com/bugreport/"/>
    <property name="java.io.tmpdir" value="C:\Users\gvnid\AppData\Local\Temp\"/>
    <property name="java.version" value="21.0.2"/>
    <property name="user.dir" value="D:\Nidheesh\Owncloud\Repository\token"/>
    <property name="os.arch" value="amd64"/>
    <property name="java.vm.specification.name" value="Java Virtual Machine Specification"/>
    <property name="PID" value="30708"/>
    <property name="sun.os.patch.level" value=""/>
    <property name="CONSOLE_LOG_CHARSET" value="UTF-8"/>
    <property name="native.encoding" value="Cp1252"/>
    <property name="java.library.path" value="C:\Program Files\Java\jdk-21\bin;C:\WINDOWS\Sun\Java\bin;C:\WINDOWS\system32;C:\WINDOWS;C:\app\gvnid\product\21c\dbhomeXE\bin;C:\WINDOWS\system32;C:\WINDOWS;C:\WINDOWS\System32\Wbem;C:\WINDOWS\System32\WindowsPowerShell\v1.0\;C:\WINDOWS\System32\OpenSSH\;C:\Program Files\dotnet\;C:\Program Files\Git\cmd;C:\Program Files\Microsoft VS Code\bin;C:\Program Files\Kubernetes\Minikube;C:\Program Files\PuTTY\;C:\Program Files\Java\jdk-21\bin;C:\Program Files (x86)\Microsoft SQL Server\160\DTS\Binn\;C:\Program Files (x86)\Windows Kits\10\Windows Performance Toolkit\;C:\Program Files\nodejs\;E:\xampp\php;C:\ProgramData\ComposerSetup\bin;;%SystemRoot%\system32;%SystemRoot%;%SystemRoot%\System32\Wbem;%SYSTEMROOT%\System32\WindowsPowerShell\v1.0\;%SYSTEMROOT%\System32\OpenSSH\;C:\Users\gvnid\AppData\Local\Microsoft\WindowsApps;C:\Program Files\Azure Data Studio\bin;D:\Android\Flutter_SDK\flutter_windows_3.29.2-stable\flutter\bin;C:\Users\gvnid\AppData\Roaming\npm;C:\Maven\apache-maven-3.9.6\bin;C:\Users\gvnid\AppData\Roaming\Composer\vendor\bin;C:\Users\gvnid\AppData\Local\Microsoft\WinGet\Links;D:\Android\Android_SDK\platform-tools;D:\Android\Android_SDK\tools\bin;D:\Android\Android_SDK\build-tools\35.0.0;C:\Program Files\Java\jdk-21\bin;E:\Android\Android Studio\jbr\bin;D:\Android\Android_Gradle\gradle-7.3\bin;E:\Application\sonar-scanner-cli-7.0.1.4817-windows-x64\sonar-scanner-7.0.1.4817-windows-x64\bin;;."/>
    <property name="java.vm.info" value="mixed mode, sharing"/>
    <property name="stderr.encoding" value="Cp1252"/>
    <property name="java.vendor" value="Oracle Corporation"/>
    <property name="java.vm.version" value="21.0.2+13-LTS-58"/>
    <property name="sun.io.unicode.encoding" value="UnicodeLittle"/>
    <property name="java.class.version" value="65.0"/>
    <property name="LOGGED_APPLICATION_NAME" value="[token] "/>
  </properties>
  <testcase name="contextLoads" classname="in.gov.kerala.ehealth.token.TokenApplicationTests" time="0.54">
    <system-out><![CDATA[00:16:43.313 [main] INFO org.springframework.test.context.support.AnnotationConfigContextLoaderUtils -- Could not detect default configuration classes for test class [in.gov.kerala.ehealth.token.TokenApplicationTests]: TokenApplicationTests does not declare any static, non-private, non-final, nested classes annotated with @Configuration.
00:16:43.467 [main] INFO org.springframework.boot.test.context.SpringBootTestContextBootstrapper -- Found @SpringBootConfiguration in.gov.kerala.ehealth.token.TokenApplication for test class in.gov.kerala.ehealth.token.TokenApplicationTests

  .   ____          _            __ _ _
 /\\ / ___'_ __ _ _(_)_ __  __ _ \ \ \ \
( ( )\___ | '_ | '_| | '_ \/ _` | \ \ \ \
 \\/  ___)| |_)| | | | | || (_| |  ) ) ) )
  '  |____| .__|_| |_|_| |_\__, | / / / /
 =========|_|==============|___/=/_/_/_/

 :: Spring Boot ::                (v3.5.3)

2025-07-04T00:16:44.133+05:30  INFO 30708 --- [token] [           main] i.g.k.e.token.TokenApplicationTests      : Starting TokenApplicationTests using Java 21.0.2 with PID 30708 (started by gvnid in D:\Nidheesh\Owncloud\Repository\token)
2025-07-04T00:16:44.136+05:30  INFO 30708 --- [token] [           main] i.g.k.e.token.TokenApplicationTests      : No active profile set, falling back to 1 default profile: "default"
2025-07-04T00:16:45.417+05:30  INFO 30708 --- [token] [           main] .s.d.r.c.RepositoryConfigurationDelegate : Bootstrapping Spring Data JPA repositories in DEFAULT mode.
2025-07-04T00:16:45.497+05:30  INFO 30708 --- [token] [           main] .s.d.r.c.RepositoryConfigurationDelegate : Finished Spring Data repository scanning in 67 ms. Found 1 JPA repository interface.
2025-07-04T00:16:45.991+05:30 DEBUG 30708 --- [token] [           main] com.zaxxer.hikari.HikariConfig           : Class org.postgresql.Driver found in Thread context class loader jdk.internal.loader.ClassLoaders$AppClassLoader@70dea4e
2025-07-04T00:16:46.205+05:30  INFO 30708 --- [token] [           main] o.hibernate.jpa.internal.util.LogHelper  : HHH000204: Processing PersistenceUnitInfo [name: default]
2025-07-04T00:16:46.299+05:30  INFO 30708 --- [token] [           main] org.hibernate.Version                    : HHH000412: Hibernate ORM core version 6.6.18.Final
2025-07-04T00:16:46.349+05:30  INFO 30708 --- [token] [           main] o.h.c.internal.RegionFactoryInitiator    : HHH000026: Second-level cache disabled
2025-07-04T00:16:46.896+05:30  INFO 30708 --- [token] [           main] o.s.o.j.p.SpringPersistenceUnitInfo      : No LoadTimeWeaver setup: ignoring JPA class transformer
2025-07-04T00:16:46.944+05:30 DEBUG 30708 --- [token] [           main] com.zaxxer.hikari.HikariConfig           : HikariPostgresPool - configuration:
2025-07-04T00:16:46.951+05:30 DEBUG 30708 --- [token] [           main] com.zaxxer.hikari.HikariConfig           : allowPoolSuspension.............false
2025-07-04T00:16:46.951+05:30 DEBUG 30708 --- [token] [           main] com.zaxxer.hikari.HikariConfig           : autoCommit......................true
2025-07-04T00:16:46.951+05:30 DEBUG 30708 --- [token] [           main] com.zaxxer.hikari.HikariConfig           : catalog.........................none
2025-07-04T00:16:46.951+05:30 DEBUG 30708 --- [token] [           main] com.zaxxer.hikari.HikariConfig           : connectionInitSql...............none
2025-07-04T00:16:46.951+05:30 DEBUG 30708 --- [token] [           main] com.zaxxer.hikari.HikariConfig           : connectionTestQuery.............none
2025-07-04T00:16:46.952+05:30 DEBUG 30708 --- [token] [           main] com.zaxxer.hikari.HikariConfig           : connectionTimeout...............30000
2025-07-04T00:16:46.953+05:30 DEBUG 30708 --- [token] [           main] com.zaxxer.hikari.HikariConfig           : credentials.....................com.zaxxer.hikari.util.Credentials@61554b6b
2025-07-04T00:16:46.953+05:30 DEBUG 30708 --- [token] [           main] com.zaxxer.hikari.HikariConfig           : dataSource......................none
2025-07-04T00:16:46.953+05:30 DEBUG 30708 --- [token] [           main] com.zaxxer.hikari.HikariConfig           : dataSourceClassName.............none
2025-07-04T00:16:46.954+05:30 DEBUG 30708 --- [token] [           main] com.zaxxer.hikari.HikariConfig           : dataSourceJNDI..................none
2025-07-04T00:16:46.954+05:30 DEBUG 30708 --- [token] [           main] com.zaxxer.hikari.HikariConfig           : dataSourceProperties............{password=<masked>}
2025-07-04T00:16:46.955+05:30 DEBUG 30708 --- [token] [           main] com.zaxxer.hikari.HikariConfig           : driverClassName................."org.postgresql.Driver"
2025-07-04T00:16:46.955+05:30 DEBUG 30708 --- [token] [           main] com.zaxxer.hikari.HikariConfig           : exceptionOverride...............none
2025-07-04T00:16:46.955+05:30 DEBUG 30708 --- [token] [           main] com.zaxxer.hikari.HikariConfig           : exceptionOverrideClassName......none
2025-07-04T00:16:46.956+05:30 DEBUG 30708 --- [token] [           main] com.zaxxer.hikari.HikariConfig           : healthCheckProperties...........{}
2025-07-04T00:16:46.956+05:30 DEBUG 30708 --- [token] [           main] com.zaxxer.hikari.HikariConfig           : healthCheckRegistry.............none
2025-07-04T00:16:46.956+05:30 DEBUG 30708 --- [token] [           main] com.zaxxer.hikari.HikariConfig           : idleTimeout.....................30000
2025-07-04T00:16:46.956+05:30 DEBUG 30708 --- [token] [           main] com.zaxxer.hikari.HikariConfig           : initializationFailTimeout.......1
2025-07-04T00:16:46.957+05:30 DEBUG 30708 --- [token] [           main] com.zaxxer.hikari.HikariConfig           : isolateInternalQueries..........false
2025-07-04T00:16:46.957+05:30 DEBUG 30708 --- [token] [           main] com.zaxxer.hikari.HikariConfig           : jdbcUrl.........................jdbc:postgresql://server1.learnstowin.com:5000/ehealthdb_token
2025-07-04T00:16:46.957+05:30 DEBUG 30708 --- [token] [           main] com.zaxxer.hikari.HikariConfig           : keepaliveTime...................120000
2025-07-04T00:16:46.957+05:30 DEBUG 30708 --- [token] [           main] com.zaxxer.hikari.HikariConfig           : leakDetectionThreshold..........0
2025-07-04T00:16:46.957+05:30 DEBUG 30708 --- [token] [           main] com.zaxxer.hikari.HikariConfig           : maxLifetime.....................1800000
2025-07-04T00:16:46.958+05:30 DEBUG 30708 --- [token] [           main] com.zaxxer.hikari.HikariConfig           : maximumPoolSize.................20
2025-07-04T00:16:46.958+05:30 DEBUG 30708 --- [token] [           main] com.zaxxer.hikari.HikariConfig           : metricRegistry..................none
2025-07-04T00:16:46.958+05:30 DEBUG 30708 --- [token] [           main] com.zaxxer.hikari.HikariConfig           : metricsTrackerFactory...........none
2025-07-04T00:16:46.958+05:30 DEBUG 30708 --- [token] [           main] com.zaxxer.hikari.HikariConfig           : minimumIdle.....................5
2025-07-04T00:16:46.958+05:30 DEBUG 30708 --- [token] [           main] com.zaxxer.hikari.HikariConfig           : password........................<masked>
2025-07-04T00:16:46.959+05:30 DEBUG 30708 --- [token] [           main] com.zaxxer.hikari.HikariConfig           : poolName........................"HikariPostgresPool"
2025-07-04T00:16:46.959+05:30 DEBUG 30708 --- [token] [           main] com.zaxxer.hikari.HikariConfig           : readOnly........................false
2025-07-04T00:16:46.959+05:30 DEBUG 30708 --- [token] [           main] com.zaxxer.hikari.HikariConfig           : registerMbeans..................false
2025-07-04T00:16:46.959+05:30 DEBUG 30708 --- [token] [           main] com.zaxxer.hikari.HikariConfig           : scheduledExecutor...............none
2025-07-04T00:16:46.959+05:30 DEBUG 30708 --- [token] [           main] com.zaxxer.hikari.HikariConfig           : schema..........................none
2025-07-04T00:16:46.959+05:30 DEBUG 30708 --- [token] [           main] com.zaxxer.hikari.HikariConfig           : threadFactory...................internal
2025-07-04T00:16:46.961+05:30 DEBUG 30708 --- [token] [           main] com.zaxxer.hikari.HikariConfig           : transactionIsolation............"TRANSACTION_READ_COMMITTED"
2025-07-04T00:16:46.961+05:30 DEBUG 30708 --- [token] [           main] com.zaxxer.hikari.HikariConfig           : username........................"postgres"
2025-07-04T00:16:46.961+05:30 DEBUG 30708 --- [token] [           main] com.zaxxer.hikari.HikariConfig           : validationTimeout...............5000
2025-07-04T00:16:46.961+05:30  INFO 30708 --- [token] [           main] com.zaxxer.hikari.HikariDataSource       : HikariPostgresPool - Starting...
2025-07-04T00:16:46.979+05:30 DEBUG 30708 --- [token] [           main] com.zaxxer.hikari.pool.PoolBase          : HikariPostgresPool - Attempting to create/setup new connection (ad935bb6-8669-4b72-9baa-8830d0b008b3)
2025-07-04T00:16:58.228+05:30 DEBUG 30708 --- [token] [           main] com.zaxxer.hikari.pool.PoolBase          : HikariPostgresPool - Established new connection (ad935bb6-8669-4b72-9baa-8830d0b008b3)
2025-07-04T00:16:58.231+05:30  INFO 30708 --- [token] [           main] com.zaxxer.hikari.pool.HikariPool        : HikariPostgresPool - Added connection org.postgresql.jdbc.PgConnection@37f71c05
2025-07-04T00:16:58.235+05:30  INFO 30708 --- [token] [           main] com.zaxxer.hikari.HikariDataSource       : HikariPostgresPool - Start completed.
2025-07-04T00:16:58.346+05:30 DEBUG 30708 --- [token] [ool:housekeeper] com.zaxxer.hikari.pool.HikariPool        : HikariPostgresPool - Before cleanup stats (total=1/20, idle=0/5, active=1, waiting=0)
2025-07-04T00:16:58.348+05:30 DEBUG 30708 --- [token] [ool:housekeeper] com.zaxxer.hikari.pool.HikariPool        : HikariPostgresPool - After  cleanup stats (total=1/20, idle=0/5, active=1, waiting=0)
2025-07-04T00:16:58.349+05:30 DEBUG 30708 --- [token] [onnection-adder] com.zaxxer.hikari.pool.PoolBase          : HikariPostgresPool - Attempting to create/setup new connection (3e8332f4-ba5b-4af8-87ad-1c9ca89afa0f)
2025-07-04T00:16:58.377+05:30 DEBUG 30708 --- [token] [onnection-adder] com.zaxxer.hikari.pool.PoolBase          : HikariPostgresPool - Established new connection (3e8332f4-ba5b-4af8-87ad-1c9ca89afa0f)
2025-07-04T00:16:58.378+05:30 DEBUG 30708 --- [token] [onnection-adder] com.zaxxer.hikari.pool.HikariPool        : HikariPostgresPool - Added connection org.postgresql.jdbc.PgConnection@4ba4ee0c
2025-07-04T00:16:58.385+05:30  INFO 30708 --- [token] [           main] org.hibernate.orm.connections.pooling    : HHH10001005: Database info:
	Database JDBC URL [Connecting through datasource 'HikariDataSource (HikariPostgresPool)']
	Database driver: undefined/unknown
	Database version: 17.5
	Autocommit mode: undefined/unknown
	Isolation level: undefined/unknown
	Minimum pool size: undefined/unknown
	Maximum pool size: undefined/unknown
2025-07-04T00:16:58.423+05:30 DEBUG 30708 --- [token] [onnection-adder] com.zaxxer.hikari.pool.HikariPool        : HikariPostgresPool - After adding stats (total=2/20, idle=2/5, active=0, waiting=0)
2025-07-04T00:16:58.424+05:30 DEBUG 30708 --- [token] [onnection-adder] com.zaxxer.hikari.pool.PoolBase          : HikariPostgresPool - Attempting to create/setup new connection (0336bd20-5d38-4cda-aa66-31b2a110ea2d)
2025-07-04T00:16:58.458+05:30 DEBUG 30708 --- [token] [onnection-adder] com.zaxxer.hikari.pool.PoolBase          : HikariPostgresPool - Established new connection (0336bd20-5d38-4cda-aa66-31b2a110ea2d)
2025-07-04T00:16:58.459+05:30 DEBUG 30708 --- [token] [onnection-adder] com.zaxxer.hikari.pool.HikariPool        : HikariPostgresPool - Added connection org.postgresql.jdbc.PgConnection@415c857c
2025-07-04T00:16:58.501+05:30 DEBUG 30708 --- [token] [onnection-adder] com.zaxxer.hikari.pool.HikariPool        : HikariPostgresPool - After adding stats (total=3/20, idle=3/5, active=0, waiting=0)
2025-07-04T00:16:58.501+05:30 DEBUG 30708 --- [token] [onnection-adder] com.zaxxer.hikari.pool.PoolBase          : HikariPostgresPool - Attempting to create/setup new connection (3fce0cb8-1b2f-4796-9614-b6bc909dd8bb)
2025-07-04T00:16:58.555+05:30 DEBUG 30708 --- [token] [onnection-adder] com.zaxxer.hikari.pool.PoolBase          : HikariPostgresPool - Established new connection (3fce0cb8-1b2f-4796-9614-b6bc909dd8bb)
2025-07-04T00:16:58.556+05:30 DEBUG 30708 --- [token] [onnection-adder] com.zaxxer.hikari.pool.HikariPool        : HikariPostgresPool - Added connection org.postgresql.jdbc.PgConnection@45e0333
2025-07-04T00:16:58.594+05:30 DEBUG 30708 --- [token] [onnection-adder] com.zaxxer.hikari.pool.HikariPool        : HikariPostgresPool - After adding stats (total=4/20, idle=4/5, active=0, waiting=0)
2025-07-04T00:16:58.594+05:30 DEBUG 30708 --- [token] [onnection-adder] com.zaxxer.hikari.pool.PoolBase          : HikariPostgresPool - Attempting to create/setup new connection (aa313e0d-4272-4328-a0b5-c3f03512ba00)
2025-07-04T00:16:58.619+05:30 DEBUG 30708 --- [token] [onnection-adder] com.zaxxer.hikari.pool.PoolBase          : HikariPostgresPool - Established new connection (aa313e0d-4272-4328-a0b5-c3f03512ba00)
2025-07-04T00:16:58.621+05:30 DEBUG 30708 --- [token] [onnection-adder] com.zaxxer.hikari.pool.HikariPool        : HikariPostgresPool - Added connection org.postgresql.jdbc.PgConnection@6866593a
2025-07-04T00:16:58.656+05:30 DEBUG 30708 --- [token] [onnection-adder] com.zaxxer.hikari.pool.HikariPool        : HikariPostgresPool - After adding stats (total=5/20, idle=5/5, active=0, waiting=0)
2025-07-04T00:16:58.656+05:30 DEBUG 30708 --- [token] [onnection-adder] com.zaxxer.hikari.pool.HikariPool        : HikariPostgresPool - Connection not added, stats (total=5/20, idle=5/5, active=0, waiting=0)
2025-07-04T00:16:59.693+05:30  INFO 30708 --- [token] [           main] o.h.e.t.j.p.i.JtaPlatformInitiator       : HHH000489: No JTA platform available (set 'hibernate.transaction.jta.platform' to enable JTA platform integration)
2025-07-04T00:16:59.786+05:30  INFO 30708 --- [token] [           main] j.LocalContainerEntityManagerFactoryBean : Initialized JPA EntityManagerFactory for persistence unit 'default'
2025-07-04T00:17:00.524+05:30  WARN 30708 --- [token] [           main] JpaBaseConfiguration$JpaWebConfiguration : spring.jpa.open-in-view is enabled by default. Therefore, database queries may be performed during view rendering. Explicitly configure spring.jpa.open-in-view to disable this warning
2025-07-04T00:17:01.663+05:30  INFO 30708 --- [token] [           main] o.s.b.a.e.web.EndpointLinksResolver      : Exposing 1 endpoint beneath base path '/actuator'
2025-07-04T00:17:01.804+05:30  INFO 30708 --- [token] [           main] i.g.k.e.token.TokenApplicationTests      : Started TokenApplicationTests in 18.115 seconds (process running for 19.415)
]]></system-out>
    <system-err><![CDATA[Mockito is currently self-attaching to enable the inline-mock-maker. This will no longer work in future releases of the JDK. Please add Mockito as an agent to your build as described in Mockito's documentation: https://javadoc.io/doc/org.mockito/mockito-core/latest/org.mockito/org/mockito/Mockito.html#0.3
WARNING: A Java agent has been loaded dynamically (C:\Users\gvnid\.m2\repository\net\bytebuddy\byte-buddy-agent\1.17.6\byte-buddy-agent-1.17.6.jar)
WARNING: If a serviceability tool is in use, please run with -XX:+EnableDynamicAgentLoading to hide this warning
WARNING: If a serviceability tool is not in use, please run with -Djdk.instrument.traceUsage for more information
WARNING: Dynamic loading of agents will be disallowed by default in a future release
]]></system-err>
  </testcase>
</testsuite>